2015-01-11 07:32:08 [-][-][-][error][yii\db\Exception] exception 'PDOException' with message 'SQLSTATE[HY000] [1049] Unknown database 'scanne_db'' in C:\wamp\www\movil_scanner\scanner_movil\vendor\yiisoft\yii2\db\Connection.php:579
Stack trace:
#0 C:\wamp\www\movil_scanner\scanner_movil\vendor\yiisoft\yii2\db\Connection.php(579): PDO->__construct('mysql:host=loca...', 'root', '', NULL)
#1 C:\wamp\www\movil_scanner\scanner_movil\vendor\yiisoft\yii2\db\Connection.php(529): yii\db\Connection->createPdoInstance()
#2 C:\wamp\www\movil_scanner\scanner_movil\vendor\yiisoft\yii2\db\Connection.php(836): yii\db\Connection->open()
#3 C:\wamp\www\movil_scanner\scanner_movil\vendor\yiisoft\yii2\db\Connection.php(823): yii\db\Connection->getMasterPdo()
#4 C:\wamp\www\movil_scanner\scanner_movil\vendor\yiisoft\yii2\db\Command.php(208): yii\db\Connection->getSlavePdo()
#5 C:\wamp\www\movil_scanner\scanner_movil\vendor\yiisoft\yii2\db\Command.php(815): yii\db\Command->prepare(true)
#6 C:\wamp\www\movil_scanner\scanner_movil\vendor\yiisoft\yii2\db\Command.php(350): yii\db\Command->queryInternal('fetchAll', NULL)
#7 C:\wamp\www\movil_scanner\scanner_movil\vendor\yiisoft\yii2\db\mysql\Schema.php(198): yii\db\Command->queryAll()
#8 C:\wamp\www\movil_scanner\scanner_movil\vendor\yiisoft\yii2\db\mysql\Schema.php(97): yii\db\mysql\Schema->findColumns(Object(yii\db\TableSchema))
#9 C:\wamp\www\movil_scanner\scanner_movil\vendor\yiisoft\yii2\db\Schema.php(139): yii\db\mysql\Schema->loadTableSchema('migration')
#10 C:\wamp\www\movil_scanner\scanner_movil\vendor\yiisoft\yii2\console\controllers\MigrateController.php(126): yii\db\Schema->getTableSchema('{{%migration}}', true)
#11 C:\wamp\www\movil_scanner\scanner_movil\vendor\yiisoft\yii2\console\controllers\BaseMigrateController.php(607): yii\console\controllers\MigrateController->getMigrationHistory(NULL)
#12 C:\wamp\www\movil_scanner\scanner_movil\vendor\yiisoft\yii2\console\controllers\BaseMigrateController.php(99): yii\console\controllers\BaseMigrateController->getNewMigrations()
#13 [internal function]: yii\console\controllers\BaseMigrateController->actionUp(0)
#14 C:\wamp\www\movil_scanner\scanner_movil\vendor\yiisoft\yii2\base\InlineAction.php(55): call_user_func_array(Array, Array)
#15 C:\wamp\www\movil_scanner\scanner_movil\vendor\yiisoft\yii2\base\Controller.php(151): yii\base\InlineAction->runWithParams(Array)
#16 C:\wamp\www\movil_scanner\scanner_movil\vendor\yiisoft\yii2\console\Controller.php(91): yii\base\Controller->runAction('', Array)
#17 C:\wamp\www\movil_scanner\scanner_movil\vendor\yiisoft\yii2\base\Module.php(455): yii\console\Controller->runAction('', Array)
#18 C:\wamp\www\movil_scanner\scanner_movil\vendor\yiisoft\yii2\console\Application.php(161): yii\base\Module->runAction('migrate', Array)
#19 C:\wamp\www\movil_scanner\scanner_movil\vendor\yiisoft\yii2\console\Application.php(137): yii\console\Application->runAction('migrate', Array)
#20 C:\wamp\www\movil_scanner\scanner_movil\vendor\yiisoft\yii2\base\Application.php(375): yii\console\Application->handleRequest(Object(yii\console\Request))
#21 C:\wamp\www\movil_scanner\scanner_movil\yii(31): yii\base\Application->run()
#22 {main}

Next exception 'yii\db\Exception' with message 'SQLSTATE[HY000] [1049] Unknown database 'scanne_db'' in C:\wamp\www\movil_scanner\scanner_movil\vendor\yiisoft\yii2\db\Connection.php:534
Stack trace:
#0 C:\wamp\www\movil_scanner\scanner_movil\vendor\yiisoft\yii2\db\Connection.php(836): yii\db\Connection->open()
#1 C:\wamp\www\movil_scanner\scanner_movil\vendor\yiisoft\yii2\db\Connection.php(823): yii\db\Connection->getMasterPdo()
#2 C:\wamp\www\movil_scanner\scanner_movil\vendor\yiisoft\yii2\db\Command.php(208): yii\db\Connection->getSlavePdo()
#3 C:\wamp\www\movil_scanner\scanner_movil\vendor\yiisoft\yii2\db\Command.php(815): yii\db\Command->prepare(true)
#4 C:\wamp\www\movil_scanner\scanner_movil\vendor\yiisoft\yii2\db\Command.php(350): yii\db\Command->queryInternal('fetchAll', NULL)
#5 C:\wamp\www\movil_scanner\scanner_movil\vendor\yiisoft\yii2\db\mysql\Schema.php(198): yii\db\Command->queryAll()
#6 C:\wamp\www\movil_scanner\scanner_movil\vendor\yiisoft\yii2\db\mysql\Schema.php(97): yii\db\mysql\Schema->findColumns(Object(yii\db\TableSchema))
#7 C:\wamp\www\movil_scanner\scanner_movil\vendor\yiisoft\yii2\db\Schema.php(139): yii\db\mysql\Schema->loadTableSchema('migration')
#8 C:\wamp\www\movil_scanner\scanner_movil\vendor\yiisoft\yii2\console\controllers\MigrateController.php(126): yii\db\Schema->getTableSchema('{{%migration}}', true)
#9 C:\wamp\www\movil_scanner\scanner_movil\vendor\yiisoft\yii2\console\controllers\BaseMigrateController.php(607): yii\console\controllers\MigrateController->getMigrationHistory(NULL)
#10 C:\wamp\www\movil_scanner\scanner_movil\vendor\yiisoft\yii2\console\controllers\BaseMigrateController.php(99): yii\console\controllers\BaseMigrateController->getNewMigrations()
#11 [internal function]: yii\console\controllers\BaseMigrateController->actionUp(0)
#12 C:\wamp\www\movil_scanner\scanner_movil\vendor\yiisoft\yii2\base\InlineAction.php(55): call_user_func_array(Array, Array)
#13 C:\wamp\www\movil_scanner\scanner_movil\vendor\yiisoft\yii2\base\Controller.php(151): yii\base\InlineAction->runWithParams(Array)
#14 C:\wamp\www\movil_scanner\scanner_movil\vendor\yiisoft\yii2\console\Controller.php(91): yii\base\Controller->runAction('', Array)
#15 C:\wamp\www\movil_scanner\scanner_movil\vendor\yiisoft\yii2\base\Module.php(455): yii\console\Controller->runAction('', Array)
#16 C:\wamp\www\movil_scanner\scanner_movil\vendor\yiisoft\yii2\console\Application.php(161): yii\base\Module->runAction('migrate', Array)
#17 C:\wamp\www\movil_scanner\scanner_movil\vendor\yiisoft\yii2\console\Application.php(137): yii\console\Application->runAction('migrate', Array)
#18 C:\wamp\www\movil_scanner\scanner_movil\vendor\yiisoft\yii2\base\Application.php(375): yii\console\Application->handleRequest(Object(yii\console\Request))
#19 C:\wamp\www\movil_scanner\scanner_movil\yii(31): yii\base\Application->run()
#20 {main}
Additional Information:

2015-01-11 07:32:08 [-][-][-][info][application] $_SERVER = [
    'ALLUSERSPROFILE' => 'C:\\ProgramData'
    'APPDATA' => 'C:\\Users\\work\\AppData\\Roaming'
    'ChocolateyInstall' => 'C:\\ProgramData\\chocolatey'
    'CommonProgramFiles' => 'C:\\Program Files\\Common Files'
    'CommonProgramFiles(x86)' => 'C:\\Program Files (x86)\\Common Files'
    'CommonProgramW6432' => 'C:\\Program Files\\Common Files'
    'COMPUTERNAME' => 'WORKSTATION'
    'ComSpec' => 'C:\\Windows\\system32\\cmd.exe'
    'FP_NO_HOST_CHECK' => 'NO'
    'HOMEDRIVE' => 'C:'
    'HOMEPATH' => '\\Users\\work'
    'LOCALAPPDATA' => 'C:\\Users\\work\\AppData\\Local'
    'LOGONSERVER' => '\\\\WORKSTATION'
    'MOZ_PLUGIN_PATH' => 'C:\\Program Files (x86)\\Foxit Software\\Foxit Reader\\plugins\\'
    'NUMBER_OF_PROCESSORS' => '4'
    'OS' => 'Windows_NT'
    'Path' => 'C:\\tools\\ruby213\\bin;C:\\Windows\\system32;C:\\Windows;C:\\Windows\\System32\\Wbem;C:\\Windows\\System32\\WindowsPowerShell\\v1.0\\;C:\\Program Files\\Microsoft SQL Server\\110\\Tools\\Binn\\;C:\\Program Files (x86)\\Microsoft SDKs\\TypeScript\\1.0\\;C:\\Program Files\\7-Zip;C:\\wamp\\bin\\mysql\\mysql5.6.17\\bin;C:\\wamp\\bin\\php\\php5.5.12;C:\\ProgramData\\ComposerSetup\\bin;C:\\tools\\ruby213\\bin;C:\\ProgramData\\chocolatey\\bin'
    'PATHEXT' => '.COM;.EXE;.BAT;.CMD;.VBS;.VBE;.JS;.JSE;.WSF;.WSH;.MSC;.RB;.RBW;.RB;.RBW;.CPL'
    'PROCESSOR_ARCHITECTURE' => 'AMD64'
    'PROCESSOR_IDENTIFIER' => 'Intel64 Family 6 Model 69 Stepping 1, GenuineIntel'
    'PROCESSOR_LEVEL' => '6'
    'PROCESSOR_REVISION' => '4501'
    'ProgramData' => 'C:\\ProgramData'
    'ProgramFiles' => 'C:\\Program Files'
    'ProgramFiles(x86)' => 'C:\\Program Files (x86)'
    'ProgramW6432' => 'C:\\Program Files'
    'PSModulePath' => 'C:\\Users\\work\\Documents\\WindowsPowerShell\\Modules;C:\\Windows\\system32\\WindowsPowerShell\\v1.0\\Modules\\'
    'PUBLIC' => 'C:\\Users\\Public'
    'SESSIONNAME' => 'Console'
    'SystemDrive' => 'C:'
    'SystemRoot' => 'C:\\Windows'
    'TEMP' => 'C:\\Users\\work\\AppData\\Local\\Temp'
    'TMP' => 'C:\\Users\\work\\AppData\\Local\\Temp'
    'USERDOMAIN' => 'workstation'
    'USERDOMAIN_ROAMINGPROFILE' => 'workstation'
    'USERNAME' => 'work'
    'USERPROFILE' => 'C:\\Users\\work'
    'VS120COMNTOOLS' => 'C:\\Program Files (x86)\\Microsoft Visual Studio 12.0\\Common7\\Tools\\'
    'windir' => 'C:\\Windows'
    'PHP_SELF' => 'yii'
    'SCRIPT_NAME' => 'yii'
    'SCRIPT_FILENAME' => 'yii'
    'PATH_TRANSLATED' => 'yii'
    'DOCUMENT_ROOT' => ''
    'REQUEST_TIME_FLOAT' => 1420957928.355
    'REQUEST_TIME' => 1420957928
    'argv' => [
        0 => 'yii'
        1 => 'migrate'
    ]
    'argc' => 2
]
2015-01-11 07:32:52 [-][-][-][error][yii\db\Exception] exception 'PDOException' with message 'SQLSTATE[HY000] [1049] Unknown database 'scanne_movil'' in C:\wamp\www\movil_scanner\scanner_movil\vendor\yiisoft\yii2\db\Connection.php:579
Stack trace:
#0 C:\wamp\www\movil_scanner\scanner_movil\vendor\yiisoft\yii2\db\Connection.php(579): PDO->__construct('mysql:host=loca...', 'root', '', NULL)
#1 C:\wamp\www\movil_scanner\scanner_movil\vendor\yiisoft\yii2\db\Connection.php(529): yii\db\Connection->createPdoInstance()
#2 C:\wamp\www\movil_scanner\scanner_movil\vendor\yiisoft\yii2\db\Connection.php(836): yii\db\Connection->open()
#3 C:\wamp\www\movil_scanner\scanner_movil\vendor\yiisoft\yii2\db\Connection.php(823): yii\db\Connection->getMasterPdo()
#4 C:\wamp\www\movil_scanner\scanner_movil\vendor\yiisoft\yii2\db\Command.php(208): yii\db\Connection->getSlavePdo()
#5 C:\wamp\www\movil_scanner\scanner_movil\vendor\yiisoft\yii2\db\Command.php(815): yii\db\Command->prepare(true)
#6 C:\wamp\www\movil_scanner\scanner_movil\vendor\yiisoft\yii2\db\Command.php(350): yii\db\Command->queryInternal('fetchAll', NULL)
#7 C:\wamp\www\movil_scanner\scanner_movil\vendor\yiisoft\yii2\db\mysql\Schema.php(198): yii\db\Command->queryAll()
#8 C:\wamp\www\movil_scanner\scanner_movil\vendor\yiisoft\yii2\db\mysql\Schema.php(97): yii\db\mysql\Schema->findColumns(Object(yii\db\TableSchema))
#9 C:\wamp\www\movil_scanner\scanner_movil\vendor\yiisoft\yii2\db\Schema.php(139): yii\db\mysql\Schema->loadTableSchema('migration')
#10 C:\wamp\www\movil_scanner\scanner_movil\vendor\yiisoft\yii2\console\controllers\MigrateController.php(126): yii\db\Schema->getTableSchema('{{%migration}}', true)
#11 C:\wamp\www\movil_scanner\scanner_movil\vendor\yiisoft\yii2\console\controllers\BaseMigrateController.php(607): yii\console\controllers\MigrateController->getMigrationHistory(NULL)
#12 C:\wamp\www\movil_scanner\scanner_movil\vendor\yiisoft\yii2\console\controllers\BaseMigrateController.php(99): yii\console\controllers\BaseMigrateController->getNewMigrations()
#13 [internal function]: yii\console\controllers\BaseMigrateController->actionUp(0)
#14 C:\wamp\www\movil_scanner\scanner_movil\vendor\yiisoft\yii2\base\InlineAction.php(55): call_user_func_array(Array, Array)
#15 C:\wamp\www\movil_scanner\scanner_movil\vendor\yiisoft\yii2\base\Controller.php(151): yii\base\InlineAction->runWithParams(Array)
#16 C:\wamp\www\movil_scanner\scanner_movil\vendor\yiisoft\yii2\console\Controller.php(91): yii\base\Controller->runAction('', Array)
#17 C:\wamp\www\movil_scanner\scanner_movil\vendor\yiisoft\yii2\base\Module.php(455): yii\console\Controller->runAction('', Array)
#18 C:\wamp\www\movil_scanner\scanner_movil\vendor\yiisoft\yii2\console\Application.php(161): yii\base\Module->runAction('migrate', Array)
#19 C:\wamp\www\movil_scanner\scanner_movil\vendor\yiisoft\yii2\console\Application.php(137): yii\console\Application->runAction('migrate', Array)
#20 C:\wamp\www\movil_scanner\scanner_movil\vendor\yiisoft\yii2\base\Application.php(375): yii\console\Application->handleRequest(Object(yii\console\Request))
#21 C:\wamp\www\movil_scanner\scanner_movil\yii(31): yii\base\Application->run()
#22 {main}

Next exception 'yii\db\Exception' with message 'SQLSTATE[HY000] [1049] Unknown database 'scanne_movil'' in C:\wamp\www\movil_scanner\scanner_movil\vendor\yiisoft\yii2\db\Connection.php:534
Stack trace:
#0 C:\wamp\www\movil_scanner\scanner_movil\vendor\yiisoft\yii2\db\Connection.php(836): yii\db\Connection->open()
#1 C:\wamp\www\movil_scanner\scanner_movil\vendor\yiisoft\yii2\db\Connection.php(823): yii\db\Connection->getMasterPdo()
#2 C:\wamp\www\movil_scanner\scanner_movil\vendor\yiisoft\yii2\db\Command.php(208): yii\db\Connection->getSlavePdo()
#3 C:\wamp\www\movil_scanner\scanner_movil\vendor\yiisoft\yii2\db\Command.php(815): yii\db\Command->prepare(true)
#4 C:\wamp\www\movil_scanner\scanner_movil\vendor\yiisoft\yii2\db\Command.php(350): yii\db\Command->queryInternal('fetchAll', NULL)
#5 C:\wamp\www\movil_scanner\scanner_movil\vendor\yiisoft\yii2\db\mysql\Schema.php(198): yii\db\Command->queryAll()
#6 C:\wamp\www\movil_scanner\scanner_movil\vendor\yiisoft\yii2\db\mysql\Schema.php(97): yii\db\mysql\Schema->findColumns(Object(yii\db\TableSchema))
#7 C:\wamp\www\movil_scanner\scanner_movil\vendor\yiisoft\yii2\db\Schema.php(139): yii\db\mysql\Schema->loadTableSchema('migration')
#8 C:\wamp\www\movil_scanner\scanner_movil\vendor\yiisoft\yii2\console\controllers\MigrateController.php(126): yii\db\Schema->getTableSchema('{{%migration}}', true)
#9 C:\wamp\www\movil_scanner\scanner_movil\vendor\yiisoft\yii2\console\controllers\BaseMigrateController.php(607): yii\console\controllers\MigrateController->getMigrationHistory(NULL)
#10 C:\wamp\www\movil_scanner\scanner_movil\vendor\yiisoft\yii2\console\controllers\BaseMigrateController.php(99): yii\console\controllers\BaseMigrateController->getNewMigrations()
#11 [internal function]: yii\console\controllers\BaseMigrateController->actionUp(0)
#12 C:\wamp\www\movil_scanner\scanner_movil\vendor\yiisoft\yii2\base\InlineAction.php(55): call_user_func_array(Array, Array)
#13 C:\wamp\www\movil_scanner\scanner_movil\vendor\yiisoft\yii2\base\Controller.php(151): yii\base\InlineAction->runWithParams(Array)
#14 C:\wamp\www\movil_scanner\scanner_movil\vendor\yiisoft\yii2\console\Controller.php(91): yii\base\Controller->runAction('', Array)
#15 C:\wamp\www\movil_scanner\scanner_movil\vendor\yiisoft\yii2\base\Module.php(455): yii\console\Controller->runAction('', Array)
#16 C:\wamp\www\movil_scanner\scanner_movil\vendor\yiisoft\yii2\console\Application.php(161): yii\base\Module->runAction('migrate', Array)
#17 C:\wamp\www\movil_scanner\scanner_movil\vendor\yiisoft\yii2\console\Application.php(137): yii\console\Application->runAction('migrate', Array)
#18 C:\wamp\www\movil_scanner\scanner_movil\vendor\yiisoft\yii2\base\Application.php(375): yii\console\Application->handleRequest(Object(yii\console\Request))
#19 C:\wamp\www\movil_scanner\scanner_movil\yii(31): yii\base\Application->run()
#20 {main}
Additional Information:

2015-01-11 07:32:52 [-][-][-][info][application] $_SERVER = [
    'ALLUSERSPROFILE' => 'C:\\ProgramData'
    'APPDATA' => 'C:\\Users\\work\\AppData\\Roaming'
    'ChocolateyInstall' => 'C:\\ProgramData\\chocolatey'
    'CommonProgramFiles' => 'C:\\Program Files\\Common Files'
    'CommonProgramFiles(x86)' => 'C:\\Program Files (x86)\\Common Files'
    'CommonProgramW6432' => 'C:\\Program Files\\Common Files'
    'COMPUTERNAME' => 'WORKSTATION'
    'ComSpec' => 'C:\\Windows\\system32\\cmd.exe'
    'FP_NO_HOST_CHECK' => 'NO'
    'HOMEDRIVE' => 'C:'
    'HOMEPATH' => '\\Users\\work'
    'LOCALAPPDATA' => 'C:\\Users\\work\\AppData\\Local'
    'LOGONSERVER' => '\\\\WORKSTATION'
    'MOZ_PLUGIN_PATH' => 'C:\\Program Files (x86)\\Foxit Software\\Foxit Reader\\plugins\\'
    'NUMBER_OF_PROCESSORS' => '4'
    'OS' => 'Windows_NT'
    'Path' => 'C:\\tools\\ruby213\\bin;C:\\Windows\\system32;C:\\Windows;C:\\Windows\\System32\\Wbem;C:\\Windows\\System32\\WindowsPowerShell\\v1.0\\;C:\\Program Files\\Microsoft SQL Server\\110\\Tools\\Binn\\;C:\\Program Files (x86)\\Microsoft SDKs\\TypeScript\\1.0\\;C:\\Program Files\\7-Zip;C:\\wamp\\bin\\mysql\\mysql5.6.17\\bin;C:\\wamp\\bin\\php\\php5.5.12;C:\\ProgramData\\ComposerSetup\\bin;C:\\tools\\ruby213\\bin;C:\\ProgramData\\chocolatey\\bin'
    'PATHEXT' => '.COM;.EXE;.BAT;.CMD;.VBS;.VBE;.JS;.JSE;.WSF;.WSH;.MSC;.RB;.RBW;.RB;.RBW;.CPL'
    'PROCESSOR_ARCHITECTURE' => 'AMD64'
    'PROCESSOR_IDENTIFIER' => 'Intel64 Family 6 Model 69 Stepping 1, GenuineIntel'
    'PROCESSOR_LEVEL' => '6'
    'PROCESSOR_REVISION' => '4501'
    'ProgramData' => 'C:\\ProgramData'
    'ProgramFiles' => 'C:\\Program Files'
    'ProgramFiles(x86)' => 'C:\\Program Files (x86)'
    'ProgramW6432' => 'C:\\Program Files'
    'PSModulePath' => 'C:\\Users\\work\\Documents\\WindowsPowerShell\\Modules;C:\\Windows\\system32\\WindowsPowerShell\\v1.0\\Modules\\'
    'PUBLIC' => 'C:\\Users\\Public'
    'SESSIONNAME' => 'Console'
    'SystemDrive' => 'C:'
    'SystemRoot' => 'C:\\Windows'
    'TEMP' => 'C:\\Users\\work\\AppData\\Local\\Temp'
    'TMP' => 'C:\\Users\\work\\AppData\\Local\\Temp'
    'USERDOMAIN' => 'workstation'
    'USERDOMAIN_ROAMINGPROFILE' => 'workstation'
    'USERNAME' => 'work'
    'USERPROFILE' => 'C:\\Users\\work'
    'VS120COMNTOOLS' => 'C:\\Program Files (x86)\\Microsoft Visual Studio 12.0\\Common7\\Tools\\'
    'windir' => 'C:\\Windows'
    'PHP_SELF' => 'yii'
    'SCRIPT_NAME' => 'yii'
    'SCRIPT_FILENAME' => 'yii'
    'PATH_TRANSLATED' => 'yii'
    'DOCUMENT_ROOT' => ''
    'REQUEST_TIME_FLOAT' => 1420957972.368
    'REQUEST_TIME' => 1420957972
    'argv' => [
        0 => 'yii'
        1 => 'migrate'
    ]
    'argc' => 2
]
