2015-01-12 01:25:38 [::1][-][-][error][yii\base\UnknownClassException] exception 'yii\base\UnknownClassException' with message 'Unable to find 'frontend\controllers\ProductController' in file: C:\wamp\www\movil_scanner\scanner_movil/frontend/controllers/ProductController.php. Namespace missing?' in C:\wamp\www\movil_scanner\scanner_movil\vendor\yiisoft\yii2\BaseYii.php:291
Stack trace:
#0 [internal function]: yii\BaseYii::autoload('frontend\\contro...')
#1 [internal function]: spl_autoload_call('frontend\\contro...')
#2 C:\wamp\www\movil_scanner\scanner_movil\vendor\yiisoft\yii2\base\Module.php(563): class_exists('frontend\\contro...')
#3 C:\wamp\www\movil_scanner\scanner_movil\vendor\yiisoft\yii2\base\Module.php(521): yii\base\Module->createControllerByID('product')
#4 C:\wamp\www\movil_scanner\scanner_movil\vendor\yiisoft\yii2\base\Module.php(449): yii\base\Module->createController('product/index')
#5 C:\wamp\www\movil_scanner\scanner_movil\vendor\yiisoft\yii2\web\Application.php(83): yii\base\Module->runAction('product/index', Array)
#6 C:\wamp\www\movil_scanner\scanner_movil\vendor\yiisoft\yii2\base\Application.php(375): yii\web\Application->handleRequest(Object(yii\web\Request))
#7 C:\wamp\www\movil_scanner\scanner_movil\frontend\web\index.php(18): yii\base\Application->run()
#8 {main}
2015-01-12 01:25:38 [::1][-][-][info][application] $_GET = [
    'r' => 'product/index'
]

$_COOKIE = [
    '_simple_cms_session' => 'YUJwVC9hUmx2dGovVHRrS2tiZHVMaEd6UmFwVURUeFNiOS9QNHA0cm0xWUdFVmdsUGovQzRhVkUvelNhOGNTVkhrV3JtVHI2aE03UTZvdHVOWE9LUmxFNjFvQ2tVazN5eXJJdHhoN0U0RnBQVEhLbWhIakNnSnQ5M25KWEVpK1lUMlNpVENQd0pFeGZCUi8raFdpRU93PT0tLVY3Z1FUbmk2QUJZME9NZURLWmVLWUE9PQ==--e897e927ce5de175720b71ae8d315f2d817a4974'
    '_csrf' => '072bc0918f0397cb80e167610cb74f5df63a36fdd03b2b7d6f3008844e82006cs:32:\"xCzbedbHesi2vACN-JvR6D1nvXyzzaD2\";'
    'PHPSESSID' => '6u69lvtp1h4d8bi9i93le3abb2'
]

$_SERVER = [
    'HTTP_HOST' => 'localhost'
    'HTTP_CONNECTION' => 'keep-alive'
    'HTTP_ACCEPT' => 'text/html,application/xhtml+xml,application/xml;q=0.9,image/webp,*/*;q=0.8'
    'HTTP_USER_AGENT' => 'Mozilla/5.0 (Windows NT 6.2; WOW64) AppleWebKit/537.36 (KHTML, like Gecko) Chrome/39.0.2171.95 Safari/537.36'
    'HTTP_ACCEPT_ENCODING' => 'gzip, deflate, sdch'
    'HTTP_ACCEPT_LANGUAGE' => 'en-US,en;q=0.8'
    'HTTP_COOKIE' => '_simple_cms_session=YUJwVC9hUmx2dGovVHRrS2tiZHVMaEd6UmFwVURUeFNiOS9QNHA0cm0xWUdFVmdsUGovQzRhVkUvelNhOGNTVkhrV3JtVHI2aE03UTZvdHVOWE9LUmxFNjFvQ2tVazN5eXJJdHhoN0U0RnBQVEhLbWhIakNnSnQ5M25KWEVpK1lUMlNpVENQd0pFeGZCUi8raFdpRU93PT0tLVY3Z1FUbmk2QUJZME9NZURLWmVLWUE9PQ%3D%3D--e897e927ce5de175720b71ae8d315f2d817a4974; _csrf=072bc0918f0397cb80e167610cb74f5df63a36fdd03b2b7d6f3008844e82006cs%3A32%3A%22xCzbedbHesi2vACN-JvR6D1nvXyzzaD2%22%3B; PHPSESSID=6u69lvtp1h4d8bi9i93le3abb2'
    'PATH' => 'C:\\tools\\ruby213\\bin;C:\\Windows\\system32;C:\\Windows;C:\\Windows\\System32\\Wbem;C:\\Windows\\System32\\WindowsPowerShell\\v1.0\\;C:\\Program Files\\Microsoft SQL Server\\110\\Tools\\Binn\\;C:\\Program Files (x86)\\Microsoft SDKs\\TypeScript\\1.0\\;C:\\Program Files\\7-Zip;C:\\wamp\\bin\\mysql\\mysql5.6.17\\bin;C:\\wamp\\bin\\php\\php5.5.12;C:\\ProgramData\\ComposerSetup\\bin;C:\\Program Files (x86)\\nodejs\\;C:\\Program Files (x86)\\Git\\cmd;C:\\HashiCorp\\Vagrant\\bin;C:\\Program Files\\Oracle\\VirtualBox'
    'SystemRoot' => 'C:\\Windows'
    'COMSPEC' => 'C:\\Windows\\system32\\cmd.exe'
    'PATHEXT' => '.COM;.EXE;.BAT;.CMD;.VBS;.VBE;.JS;.JSE;.WSF;.WSH;.MSC;.RB;.RBW'
    'WINDIR' => 'C:\\Windows'
    'SERVER_SIGNATURE' => '<address>Apache/2.4.9 (Win64) PHP/5.5.12 Server at localhost Port 80</address>
'
    'SERVER_SOFTWARE' => 'Apache/2.4.9 (Win64) PHP/5.5.12'
    'SERVER_NAME' => 'localhost'
    'SERVER_ADDR' => '::1'
    'SERVER_PORT' => '80'
    'REMOTE_ADDR' => '::1'
    'DOCUMENT_ROOT' => 'C:/wamp/www/'
    'REQUEST_SCHEME' => 'http'
    'CONTEXT_PREFIX' => '/scanner'
    'CONTEXT_DOCUMENT_ROOT' => 'C:\\wamp\\www\\movil_scanner\\scanner_movil\\frontend\\web'
    'SERVER_ADMIN' => 'admin@example.com'
    'SCRIPT_FILENAME' => 'C:/wamp/www/movil_scanner/scanner_movil/frontend/web/index.php'
    'REMOTE_PORT' => '52668'
    'GATEWAY_INTERFACE' => 'CGI/1.1'
    'SERVER_PROTOCOL' => 'HTTP/1.1'
    'REQUEST_METHOD' => 'GET'
    'QUERY_STRING' => 'r=product/index'
    'REQUEST_URI' => '/scanner/index.php?r=product/index'
    'SCRIPT_NAME' => '/scanner/index.php'
    'PHP_SELF' => '/scanner/index.php'
    'REQUEST_TIME_FLOAT' => 1421022338.481
    'REQUEST_TIME' => 1421022338
]
2015-01-12 01:26:20 [::1][-][-][error][yii\base\InvalidParamException] exception 'yii\base\InvalidParamException' with message 'The view file does not exist: C:\wamp\www\movil_scanner\scanner_movil\frontend\views\product\index.php' in C:\wamp\www\movil_scanner\scanner_movil\vendor\yiisoft\yii2\base\View.php:226
Stack trace:
#0 C:\wamp\www\movil_scanner\scanner_movil\vendor\yiisoft\yii2\base\View.php(149): yii\base\View->renderFile('C:\\wamp\\www\\mov...', Array, Object(frontend\controllers\ProductController))
#1 C:\wamp\www\movil_scanner\scanner_movil\vendor\yiisoft\yii2\base\Controller.php(367): yii\base\View->render('index', Array, Object(frontend\controllers\ProductController))
#2 C:\wamp\www\movil_scanner\scanner_movil\frontend\controllers\ProductController.php(41): yii\base\Controller->render('index', Array)
#3 [internal function]: frontend\controllers\ProductController->actionIndex()
#4 C:\wamp\www\movil_scanner\scanner_movil\vendor\yiisoft\yii2\base\InlineAction.php(55): call_user_func_array(Array, Array)
#5 C:\wamp\www\movil_scanner\scanner_movil\vendor\yiisoft\yii2\base\Controller.php(151): yii\base\InlineAction->runWithParams(Array)
#6 C:\wamp\www\movil_scanner\scanner_movil\vendor\yiisoft\yii2\base\Module.php(455): yii\base\Controller->runAction('index', Array)
#7 C:\wamp\www\movil_scanner\scanner_movil\vendor\yiisoft\yii2\web\Application.php(83): yii\base\Module->runAction('product/index', Array)
#8 C:\wamp\www\movil_scanner\scanner_movil\vendor\yiisoft\yii2\base\Application.php(375): yii\web\Application->handleRequest(Object(yii\web\Request))
#9 C:\wamp\www\movil_scanner\scanner_movil\frontend\web\index.php(18): yii\base\Application->run()
#10 {main}
2015-01-12 01:26:19 [::1][-][-][info][application] $_GET = [
    'r' => 'product/index'
]

$_COOKIE = [
    '_simple_cms_session' => 'YUJwVC9hUmx2dGovVHRrS2tiZHVMaEd6UmFwVURUeFNiOS9QNHA0cm0xWUdFVmdsUGovQzRhVkUvelNhOGNTVkhrV3JtVHI2aE03UTZvdHVOWE9LUmxFNjFvQ2tVazN5eXJJdHhoN0U0RnBQVEhLbWhIakNnSnQ5M25KWEVpK1lUMlNpVENQd0pFeGZCUi8raFdpRU93PT0tLVY3Z1FUbmk2QUJZME9NZURLWmVLWUE9PQ==--e897e927ce5de175720b71ae8d315f2d817a4974'
    '_csrf' => '072bc0918f0397cb80e167610cb74f5df63a36fdd03b2b7d6f3008844e82006cs:32:\"xCzbedbHesi2vACN-JvR6D1nvXyzzaD2\";'
    'PHPSESSID' => '6u69lvtp1h4d8bi9i93le3abb2'
]

$_SERVER = [
    'HTTP_HOST' => 'localhost'
    'HTTP_CONNECTION' => 'keep-alive'
    'HTTP_CACHE_CONTROL' => 'max-age=0'
    'HTTP_ACCEPT' => 'text/html,application/xhtml+xml,application/xml;q=0.9,image/webp,*/*;q=0.8'
    'HTTP_USER_AGENT' => 'Mozilla/5.0 (Windows NT 6.2; WOW64) AppleWebKit/537.36 (KHTML, like Gecko) Chrome/39.0.2171.95 Safari/537.36'
    'HTTP_ACCEPT_ENCODING' => 'gzip, deflate, sdch'
    'HTTP_ACCEPT_LANGUAGE' => 'en-US,en;q=0.8'
    'HTTP_COOKIE' => '_simple_cms_session=YUJwVC9hUmx2dGovVHRrS2tiZHVMaEd6UmFwVURUeFNiOS9QNHA0cm0xWUdFVmdsUGovQzRhVkUvelNhOGNTVkhrV3JtVHI2aE03UTZvdHVOWE9LUmxFNjFvQ2tVazN5eXJJdHhoN0U0RnBQVEhLbWhIakNnSnQ5M25KWEVpK1lUMlNpVENQd0pFeGZCUi8raFdpRU93PT0tLVY3Z1FUbmk2QUJZME9NZURLWmVLWUE9PQ%3D%3D--e897e927ce5de175720b71ae8d315f2d817a4974; _csrf=072bc0918f0397cb80e167610cb74f5df63a36fdd03b2b7d6f3008844e82006cs%3A32%3A%22xCzbedbHesi2vACN-JvR6D1nvXyzzaD2%22%3B; PHPSESSID=6u69lvtp1h4d8bi9i93le3abb2'
    'PATH' => 'C:\\tools\\ruby213\\bin;C:\\Windows\\system32;C:\\Windows;C:\\Windows\\System32\\Wbem;C:\\Windows\\System32\\WindowsPowerShell\\v1.0\\;C:\\Program Files\\Microsoft SQL Server\\110\\Tools\\Binn\\;C:\\Program Files (x86)\\Microsoft SDKs\\TypeScript\\1.0\\;C:\\Program Files\\7-Zip;C:\\wamp\\bin\\mysql\\mysql5.6.17\\bin;C:\\wamp\\bin\\php\\php5.5.12;C:\\ProgramData\\ComposerSetup\\bin;C:\\Program Files (x86)\\nodejs\\;C:\\Program Files (x86)\\Git\\cmd;C:\\HashiCorp\\Vagrant\\bin;C:\\Program Files\\Oracle\\VirtualBox'
    'SystemRoot' => 'C:\\Windows'
    'COMSPEC' => 'C:\\Windows\\system32\\cmd.exe'
    'PATHEXT' => '.COM;.EXE;.BAT;.CMD;.VBS;.VBE;.JS;.JSE;.WSF;.WSH;.MSC;.RB;.RBW'
    'WINDIR' => 'C:\\Windows'
    'SERVER_SIGNATURE' => '<address>Apache/2.4.9 (Win64) PHP/5.5.12 Server at localhost Port 80</address>
'
    'SERVER_SOFTWARE' => 'Apache/2.4.9 (Win64) PHP/5.5.12'
    'SERVER_NAME' => 'localhost'
    'SERVER_ADDR' => '::1'
    'SERVER_PORT' => '80'
    'REMOTE_ADDR' => '::1'
    'DOCUMENT_ROOT' => 'C:/wamp/www/'
    'REQUEST_SCHEME' => 'http'
    'CONTEXT_PREFIX' => '/scanner'
    'CONTEXT_DOCUMENT_ROOT' => 'C:\\wamp\\www\\movil_scanner\\scanner_movil\\frontend\\web'
    'SERVER_ADMIN' => 'admin@example.com'
    'SCRIPT_FILENAME' => 'C:/wamp/www/movil_scanner/scanner_movil/frontend/web/index.php'
    'REMOTE_PORT' => '52670'
    'GATEWAY_INTERFACE' => 'CGI/1.1'
    'SERVER_PROTOCOL' => 'HTTP/1.1'
    'REQUEST_METHOD' => 'GET'
    'QUERY_STRING' => 'r=product/index'
    'REQUEST_URI' => '/scanner/index.php?r=product/index'
    'SCRIPT_NAME' => '/scanner/index.php'
    'PHP_SELF' => '/scanner/index.php'
    'REQUEST_TIME_FLOAT' => 1421022379.58
    'REQUEST_TIME' => 1421022379
]
2015-01-12 01:33:52 [::1][-][-][error][yii\base\InvalidParamException] exception 'yii\base\InvalidParamException' with message 'Invalid path alias: @app\views\scanned_products' in C:\wamp\www\movil_scanner\scanner_movil\vendor\yiisoft\yii2\BaseYii.php:152
Stack trace:
#0 C:\wamp\www\movil_scanner\scanner_movil\vendor\yiisoft\yii2-gii\generators\crud\Generator.php(199): yii\BaseYii::getAlias('@app\\views\\scan...')
#1 C:\wamp\www\movil_scanner\scanner_movil\vendor\yiisoft\yii2-gii\generators\crud\Generator.php(166): yii\gii\generators\crud\Generator->getViewPath()
#2 C:\wamp\www\movil_scanner\scanner_movil\vendor\yiisoft\yii2-gii\controllers\DefaultController.php(45): yii\gii\generators\crud\Generator->generate()
#3 [internal function]: yii\gii\controllers\DefaultController->actionView('crud')
#4 C:\wamp\www\movil_scanner\scanner_movil\vendor\yiisoft\yii2\base\InlineAction.php(55): call_user_func_array(Array, Array)
#5 C:\wamp\www\movil_scanner\scanner_movil\vendor\yiisoft\yii2\base\Controller.php(151): yii\base\InlineAction->runWithParams(Array)
#6 C:\wamp\www\movil_scanner\scanner_movil\vendor\yiisoft\yii2\base\Module.php(455): yii\base\Controller->runAction('view', Array)
#7 C:\wamp\www\movil_scanner\scanner_movil\vendor\yiisoft\yii2\web\Application.php(83): yii\base\Module->runAction('gii/default/vie...', Array)
#8 C:\wamp\www\movil_scanner\scanner_movil\vendor\yiisoft\yii2\base\Application.php(375): yii\web\Application->handleRequest(Object(yii\web\Request))
#9 C:\wamp\www\movil_scanner\scanner_movil\frontend\web\index.php(18): yii\base\Application->run()
#10 {main}
2015-01-12 01:33:52 [::1][-][-][info][application] $_GET = [
    'r' => 'gii/default/view'
    'id' => 'crud'
]

$_POST = [
    '_csrf' => 'QlItcVhCVlU6EVcTPSY0HSchREMuAxUbbxhbI24GZzs0ClQLIiMSZw=='
    'Generator' => [
        'modelClass' => 'app\\models\\scanned_product'
        'searchModelClass' => 'app\\models\\scanned_productsSearch'
        'controllerClass' => 'app\\controllers\\Scanned_productsController'
        'viewPath' => '@app\\views\\scanned_products'
        'baseControllerClass' => 'yii\\web\\Controller'
        'indexWidgetType' => 'grid'
        'enableI18N' => '0'
        'messageCategory' => 'app'
        'template' => 'default'
    ]
    'preview' => ''
]

$_COOKIE = [
    '_simple_cms_session' => 'YUJwVC9hUmx2dGovVHRrS2tiZHVMaEd6UmFwVURUeFNiOS9QNHA0cm0xWUdFVmdsUGovQzRhVkUvelNhOGNTVkhrV3JtVHI2aE03UTZvdHVOWE9LUmxFNjFvQ2tVazN5eXJJdHhoN0U0RnBQVEhLbWhIakNnSnQ5M25KWEVpK1lUMlNpVENQd0pFeGZCUi8raFdpRU93PT0tLVY3Z1FUbmk2QUJZME9NZURLWmVLWUE9PQ==--e897e927ce5de175720b71ae8d315f2d817a4974'
    '_csrf' => '072bc0918f0397cb80e167610cb74f5df63a36fdd03b2b7d6f3008844e82006cs:32:\"xCzbedbHesi2vACN-JvR6D1nvXyzzaD2\";'
    'PHPSESSID' => '6u69lvtp1h4d8bi9i93le3abb2'
]

$_SERVER = [
    'HTTP_HOST' => 'localhost'
    'HTTP_CONNECTION' => 'keep-alive'
    'CONTENT_LENGTH' => '527'
    'HTTP_CACHE_CONTROL' => 'max-age=0'
    'HTTP_ACCEPT' => 'text/html,application/xhtml+xml,application/xml;q=0.9,image/webp,*/*;q=0.8'
    'HTTP_ORIGIN' => 'http://localhost'
    'HTTP_USER_AGENT' => 'Mozilla/5.0 (Windows NT 6.2; WOW64) AppleWebKit/537.36 (KHTML, like Gecko) Chrome/39.0.2171.95 Safari/537.36'
    'CONTENT_TYPE' => 'application/x-www-form-urlencoded'
    'HTTP_REFERER' => 'http://localhost/scanner/index.php?r=gii%2Fdefault%2Fview&id=crud'
    'HTTP_ACCEPT_ENCODING' => 'gzip, deflate'
    'HTTP_ACCEPT_LANGUAGE' => 'en-US,en;q=0.8'
    'HTTP_COOKIE' => '_simple_cms_session=YUJwVC9hUmx2dGovVHRrS2tiZHVMaEd6UmFwVURUeFNiOS9QNHA0cm0xWUdFVmdsUGovQzRhVkUvelNhOGNTVkhrV3JtVHI2aE03UTZvdHVOWE9LUmxFNjFvQ2tVazN5eXJJdHhoN0U0RnBQVEhLbWhIakNnSnQ5M25KWEVpK1lUMlNpVENQd0pFeGZCUi8raFdpRU93PT0tLVY3Z1FUbmk2QUJZME9NZURLWmVLWUE9PQ%3D%3D--e897e927ce5de175720b71ae8d315f2d817a4974; _csrf=072bc0918f0397cb80e167610cb74f5df63a36fdd03b2b7d6f3008844e82006cs%3A32%3A%22xCzbedbHesi2vACN-JvR6D1nvXyzzaD2%22%3B; PHPSESSID=6u69lvtp1h4d8bi9i93le3abb2'
    'PATH' => 'C:\\tools\\ruby213\\bin;C:\\Windows\\system32;C:\\Windows;C:\\Windows\\System32\\Wbem;C:\\Windows\\System32\\WindowsPowerShell\\v1.0\\;C:\\Program Files\\Microsoft SQL Server\\110\\Tools\\Binn\\;C:\\Program Files (x86)\\Microsoft SDKs\\TypeScript\\1.0\\;C:\\Program Files\\7-Zip;C:\\wamp\\bin\\mysql\\mysql5.6.17\\bin;C:\\wamp\\bin\\php\\php5.5.12;C:\\ProgramData\\ComposerSetup\\bin;C:\\Program Files (x86)\\nodejs\\;C:\\Program Files (x86)\\Git\\cmd;C:\\HashiCorp\\Vagrant\\bin;C:\\Program Files\\Oracle\\VirtualBox'
    'SystemRoot' => 'C:\\Windows'
    'COMSPEC' => 'C:\\Windows\\system32\\cmd.exe'
    'PATHEXT' => '.COM;.EXE;.BAT;.CMD;.VBS;.VBE;.JS;.JSE;.WSF;.WSH;.MSC;.RB;.RBW'
    'WINDIR' => 'C:\\Windows'
    'SERVER_SIGNATURE' => '<address>Apache/2.4.9 (Win64) PHP/5.5.12 Server at localhost Port 80</address>
'
    'SERVER_SOFTWARE' => 'Apache/2.4.9 (Win64) PHP/5.5.12'
    'SERVER_NAME' => 'localhost'
    'SERVER_ADDR' => '::1'
    'SERVER_PORT' => '80'
    'REMOTE_ADDR' => '::1'
    'DOCUMENT_ROOT' => 'C:/wamp/www/'
    'REQUEST_SCHEME' => 'http'
    'CONTEXT_PREFIX' => '/scanner'
    'CONTEXT_DOCUMENT_ROOT' => 'C:\\wamp\\www\\movil_scanner\\scanner_movil\\frontend\\web'
    'SERVER_ADMIN' => 'admin@example.com'
    'SCRIPT_FILENAME' => 'C:/wamp/www/movil_scanner/scanner_movil/frontend/web/index.php'
    'REMOTE_PORT' => '52716'
    'GATEWAY_INTERFACE' => 'CGI/1.1'
    'SERVER_PROTOCOL' => 'HTTP/1.1'
    'REQUEST_METHOD' => 'POST'
    'QUERY_STRING' => 'r=gii%2Fdefault%2Fview&id=crud'
    'REQUEST_URI' => '/scanner/index.php?r=gii%2Fdefault%2Fview&id=crud'
    'SCRIPT_NAME' => '/scanner/index.php'
    'PHP_SELF' => '/scanner/index.php'
    'REQUEST_TIME_FLOAT' => 1421022832.826
    'REQUEST_TIME' => 1421022832
]
2015-01-12 01:35:39 [::1][-][-][error][yii\base\UnknownClassException] exception 'yii\base\UnknownClassException' with message 'Unable to find 'frontend\controllers\Scanned_productsController' in file: C:\wamp\www\movil_scanner\scanner_movil/frontend/controllers/Scanned_productsController.php. Namespace missing?' in C:\wamp\www\movil_scanner\scanner_movil\vendor\yiisoft\yii2\BaseYii.php:291
Stack trace:
#0 [internal function]: yii\BaseYii::autoload('frontend\\contro...')
#1 [internal function]: spl_autoload_call('frontend\\contro...')
#2 C:\wamp\www\movil_scanner\scanner_movil\vendor\yiisoft\yii2\base\Module.php(563): class_exists('frontend\\contro...')
#3 C:\wamp\www\movil_scanner\scanner_movil\vendor\yiisoft\yii2\base\Module.php(521): yii\base\Module->createControllerByID('scanned_product...')
#4 C:\wamp\www\movil_scanner\scanner_movil\vendor\yiisoft\yii2\base\Module.php(449): yii\base\Module->createController('scanned_product...')
#5 C:\wamp\www\movil_scanner\scanner_movil\vendor\yiisoft\yii2\web\Application.php(83): yii\base\Module->runAction('scanned_product...', Array)
#6 C:\wamp\www\movil_scanner\scanner_movil\vendor\yiisoft\yii2\base\Application.php(375): yii\web\Application->handleRequest(Object(yii\web\Request))
#7 C:\wamp\www\movil_scanner\scanner_movil\frontend\web\index.php(18): yii\base\Application->run()
#8 {main}
2015-01-12 01:35:39 [::1][-][-][info][application] $_GET = [
    'r' => 'scanned_products/index'
]

$_COOKIE = [
    '_simple_cms_session' => 'YUJwVC9hUmx2dGovVHRrS2tiZHVMaEd6UmFwVURUeFNiOS9QNHA0cm0xWUdFVmdsUGovQzRhVkUvelNhOGNTVkhrV3JtVHI2aE03UTZvdHVOWE9LUmxFNjFvQ2tVazN5eXJJdHhoN0U0RnBQVEhLbWhIakNnSnQ5M25KWEVpK1lUMlNpVENQd0pFeGZCUi8raFdpRU93PT0tLVY3Z1FUbmk2QUJZME9NZURLWmVLWUE9PQ==--e897e927ce5de175720b71ae8d315f2d817a4974'
    '_csrf' => '072bc0918f0397cb80e167610cb74f5df63a36fdd03b2b7d6f3008844e82006cs:32:\"xCzbedbHesi2vACN-JvR6D1nvXyzzaD2\";'
    'PHPSESSID' => '6u69lvtp1h4d8bi9i93le3abb2'
]

$_SERVER = [
    'HTTP_HOST' => 'localhost'
    'HTTP_CONNECTION' => 'keep-alive'
    'HTTP_ACCEPT' => 'text/html,application/xhtml+xml,application/xml;q=0.9,image/webp,*/*;q=0.8'
    'HTTP_USER_AGENT' => 'Mozilla/5.0 (Windows NT 6.2; WOW64) AppleWebKit/537.36 (KHTML, like Gecko) Chrome/39.0.2171.95 Safari/537.36'
    'HTTP_REFERER' => 'http://localhost/scanner/'
    'HTTP_ACCEPT_ENCODING' => 'gzip, deflate, sdch'
    'HTTP_ACCEPT_LANGUAGE' => 'en-US,en;q=0.8'
    'HTTP_COOKIE' => '_simple_cms_session=YUJwVC9hUmx2dGovVHRrS2tiZHVMaEd6UmFwVURUeFNiOS9QNHA0cm0xWUdFVmdsUGovQzRhVkUvelNhOGNTVkhrV3JtVHI2aE03UTZvdHVOWE9LUmxFNjFvQ2tVazN5eXJJdHhoN0U0RnBQVEhLbWhIakNnSnQ5M25KWEVpK1lUMlNpVENQd0pFeGZCUi8raFdpRU93PT0tLVY3Z1FUbmk2QUJZME9NZURLWmVLWUE9PQ%3D%3D--e897e927ce5de175720b71ae8d315f2d817a4974; _csrf=072bc0918f0397cb80e167610cb74f5df63a36fdd03b2b7d6f3008844e82006cs%3A32%3A%22xCzbedbHesi2vACN-JvR6D1nvXyzzaD2%22%3B; PHPSESSID=6u69lvtp1h4d8bi9i93le3abb2'
    'PATH' => 'C:\\tools\\ruby213\\bin;C:\\Windows\\system32;C:\\Windows;C:\\Windows\\System32\\Wbem;C:\\Windows\\System32\\WindowsPowerShell\\v1.0\\;C:\\Program Files\\Microsoft SQL Server\\110\\Tools\\Binn\\;C:\\Program Files (x86)\\Microsoft SDKs\\TypeScript\\1.0\\;C:\\Program Files\\7-Zip;C:\\wamp\\bin\\mysql\\mysql5.6.17\\bin;C:\\wamp\\bin\\php\\php5.5.12;C:\\ProgramData\\ComposerSetup\\bin;C:\\Program Files (x86)\\nodejs\\;C:\\Program Files (x86)\\Git\\cmd;C:\\HashiCorp\\Vagrant\\bin;C:\\Program Files\\Oracle\\VirtualBox'
    'SystemRoot' => 'C:\\Windows'
    'COMSPEC' => 'C:\\Windows\\system32\\cmd.exe'
    'PATHEXT' => '.COM;.EXE;.BAT;.CMD;.VBS;.VBE;.JS;.JSE;.WSF;.WSH;.MSC;.RB;.RBW'
    'WINDIR' => 'C:\\Windows'
    'SERVER_SIGNATURE' => '<address>Apache/2.4.9 (Win64) PHP/5.5.12 Server at localhost Port 80</address>
'
    'SERVER_SOFTWARE' => 'Apache/2.4.9 (Win64) PHP/5.5.12'
    'SERVER_NAME' => 'localhost'
    'SERVER_ADDR' => '::1'
    'SERVER_PORT' => '80'
    'REMOTE_ADDR' => '::1'
    'DOCUMENT_ROOT' => 'C:/wamp/www/'
    'REQUEST_SCHEME' => 'http'
    'CONTEXT_PREFIX' => '/scanner'
    'CONTEXT_DOCUMENT_ROOT' => 'C:\\wamp\\www\\movil_scanner\\scanner_movil\\frontend\\web'
    'SERVER_ADMIN' => 'admin@example.com'
    'SCRIPT_FILENAME' => 'C:/wamp/www/movil_scanner/scanner_movil/frontend/web/index.php'
    'REMOTE_PORT' => '52728'
    'GATEWAY_INTERFACE' => 'CGI/1.1'
    'SERVER_PROTOCOL' => 'HTTP/1.1'
    'REQUEST_METHOD' => 'GET'
    'QUERY_STRING' => 'r=scanned_products/index'
    'REQUEST_URI' => '/scanner/index.php?r=scanned_products/index'
    'SCRIPT_NAME' => '/scanner/index.php'
    'PHP_SELF' => '/scanner/index.php'
    'REQUEST_TIME_FLOAT' => 1421022939.02
    'REQUEST_TIME' => 1421022939
]
2015-01-12 01:44:49 [::1][-][-][error][yii\base\UnknownClassException] exception 'yii\base\UnknownClassException' with message 'Unable to find 'frontend\controllers\ProductsController' in file: C:\wamp\www\movil_scanner\scanner_movil/frontend/controllers/ProductsController.php. Namespace missing?' in C:\wamp\www\movil_scanner\scanner_movil\vendor\yiisoft\yii2\BaseYii.php:291
Stack trace:
#0 [internal function]: yii\BaseYii::autoload('frontend\\contro...')
#1 [internal function]: spl_autoload_call('frontend\\contro...')
#2 C:\wamp\www\movil_scanner\scanner_movil\vendor\yiisoft\yii2\base\Module.php(563): class_exists('frontend\\contro...')
#3 C:\wamp\www\movil_scanner\scanner_movil\vendor\yiisoft\yii2\base\Module.php(521): yii\base\Module->createControllerByID('products')
#4 C:\wamp\www\movil_scanner\scanner_movil\vendor\yiisoft\yii2\base\Module.php(449): yii\base\Module->createController('products')
#5 C:\wamp\www\movil_scanner\scanner_movil\vendor\yiisoft\yii2\web\Application.php(83): yii\base\Module->runAction('products', Array)
#6 C:\wamp\www\movil_scanner\scanner_movil\vendor\yiisoft\yii2\base\Application.php(375): yii\web\Application->handleRequest(Object(yii\web\Request))
#7 C:\wamp\www\movil_scanner\scanner_movil\frontend\web\index.php(18): yii\base\Application->run()
#8 {main}
2015-01-12 01:44:49 [::1][-][-][info][application] $_GET = [
    'r' => 'products'
]

$_COOKIE = [
    '_simple_cms_session' => 'YUJwVC9hUmx2dGovVHRrS2tiZHVMaEd6UmFwVURUeFNiOS9QNHA0cm0xWUdFVmdsUGovQzRhVkUvelNhOGNTVkhrV3JtVHI2aE03UTZvdHVOWE9LUmxFNjFvQ2tVazN5eXJJdHhoN0U0RnBQVEhLbWhIakNnSnQ5M25KWEVpK1lUMlNpVENQd0pFeGZCUi8raFdpRU93PT0tLVY3Z1FUbmk2QUJZME9NZURLWmVLWUE9PQ==--e897e927ce5de175720b71ae8d315f2d817a4974'
    '_csrf' => '072bc0918f0397cb80e167610cb74f5df63a36fdd03b2b7d6f3008844e82006cs:32:\"xCzbedbHesi2vACN-JvR6D1nvXyzzaD2\";'
    'PHPSESSID' => '6u69lvtp1h4d8bi9i93le3abb2'
]

$_SERVER = [
    'HTTP_HOST' => 'localhost'
    'HTTP_CONNECTION' => 'keep-alive'
    'HTTP_ACCEPT' => 'text/html,application/xhtml+xml,application/xml;q=0.9,image/webp,*/*;q=0.8'
    'HTTP_USER_AGENT' => 'Mozilla/5.0 (Windows NT 6.2; WOW64) AppleWebKit/537.36 (KHTML, like Gecko) Chrome/39.0.2171.95 Safari/537.36'
    'HTTP_ACCEPT_ENCODING' => 'gzip, deflate, sdch'
    'HTTP_ACCEPT_LANGUAGE' => 'en-US,en;q=0.8'
    'HTTP_COOKIE' => '_simple_cms_session=YUJwVC9hUmx2dGovVHRrS2tiZHVMaEd6UmFwVURUeFNiOS9QNHA0cm0xWUdFVmdsUGovQzRhVkUvelNhOGNTVkhrV3JtVHI2aE03UTZvdHVOWE9LUmxFNjFvQ2tVazN5eXJJdHhoN0U0RnBQVEhLbWhIakNnSnQ5M25KWEVpK1lUMlNpVENQd0pFeGZCUi8raFdpRU93PT0tLVY3Z1FUbmk2QUJZME9NZURLWmVLWUE9PQ%3D%3D--e897e927ce5de175720b71ae8d315f2d817a4974; _csrf=072bc0918f0397cb80e167610cb74f5df63a36fdd03b2b7d6f3008844e82006cs%3A32%3A%22xCzbedbHesi2vACN-JvR6D1nvXyzzaD2%22%3B; PHPSESSID=6u69lvtp1h4d8bi9i93le3abb2'
    'PATH' => 'C:\\tools\\ruby213\\bin;C:\\Windows\\system32;C:\\Windows;C:\\Windows\\System32\\Wbem;C:\\Windows\\System32\\WindowsPowerShell\\v1.0\\;C:\\Program Files\\Microsoft SQL Server\\110\\Tools\\Binn\\;C:\\Program Files (x86)\\Microsoft SDKs\\TypeScript\\1.0\\;C:\\Program Files\\7-Zip;C:\\wamp\\bin\\mysql\\mysql5.6.17\\bin;C:\\wamp\\bin\\php\\php5.5.12;C:\\ProgramData\\ComposerSetup\\bin;C:\\Program Files (x86)\\nodejs\\;C:\\Program Files (x86)\\Git\\cmd;C:\\HashiCorp\\Vagrant\\bin;C:\\Program Files\\Oracle\\VirtualBox'
    'SystemRoot' => 'C:\\Windows'
    'COMSPEC' => 'C:\\Windows\\system32\\cmd.exe'
    'PATHEXT' => '.COM;.EXE;.BAT;.CMD;.VBS;.VBE;.JS;.JSE;.WSF;.WSH;.MSC;.RB;.RBW'
    'WINDIR' => 'C:\\Windows'
    'SERVER_SIGNATURE' => '<address>Apache/2.4.9 (Win64) PHP/5.5.12 Server at localhost Port 80</address>
'
    'SERVER_SOFTWARE' => 'Apache/2.4.9 (Win64) PHP/5.5.12'
    'SERVER_NAME' => 'localhost'
    'SERVER_ADDR' => '::1'
    'SERVER_PORT' => '80'
    'REMOTE_ADDR' => '::1'
    'DOCUMENT_ROOT' => 'C:/wamp/www/'
    'REQUEST_SCHEME' => 'http'
    'CONTEXT_PREFIX' => '/scanner'
    'CONTEXT_DOCUMENT_ROOT' => 'C:\\wamp\\www\\movil_scanner\\scanner_movil\\frontend\\web'
    'SERVER_ADMIN' => 'admin@example.com'
    'SCRIPT_FILENAME' => 'C:/wamp/www/movil_scanner/scanner_movil/frontend/web/index.php'
    'REMOTE_PORT' => '52766'
    'GATEWAY_INTERFACE' => 'CGI/1.1'
    'SERVER_PROTOCOL' => 'HTTP/1.1'
    'REQUEST_METHOD' => 'GET'
    'QUERY_STRING' => 'r=products'
    'REQUEST_URI' => '/scanner/index.php?r=products'
    'SCRIPT_NAME' => '/scanner/index.php'
    'PHP_SELF' => '/scanner/index.php'
    'REQUEST_TIME_FLOAT' => 1421023489.435
    'REQUEST_TIME' => 1421023489
]
